#
# A fatal error has been detected by the Java Runtime Environment:
#
#  EXCEPTION_ACCESS_VIOLATION (0xc0000005) at pc=0x00007ff9562524ed, pid=12304, tid=1184
#
# JRE version: Java(TM) SE Runtime Environment (17.0.6+9) (build 17.0.6+9-LTS-190)
# Java VM: Java HotSpot(TM) 64-Bit Server VM (17.0.6+9-LTS-190, mixed mode, sharing, tiered, compressed oops, compressed class ptrs, g1 gc, windows-amd64)
# Problematic frame:
# C  [jacob-1.20-x64.dll+0x24ed]
#
# No core dump will be written. Minidumps are not enabled by default on client versions of Windows
#
# If you would like to submit a bug report, please visit:
#   https://bugreport.java.com/bugreport/crash.jsp
# The crash happened outside the Java Virtual Machine in native code.
# See problematic frame for where to report the bug.
#

---------------  S U M M A R Y ------------

Command Line: -javaagent:C:\Program Files\JetBrains\IntelliJ IDEA Community Edition 2022.2.3\lib\idea_rt.jar=53614:C:\Program Files\JetBrains\IntelliJ IDEA Community Edition 2022.2.3\bin -Dfile.encoding=UTF-8 ua.gaponov.posterminal.PosTerminal

Host: AMD A8-7600 Radeon R7, 10 Compute Cores 4C+6G  , 4 cores, 14G,  Windows 10 , 64 bit Build 19041 (10.0.19041.2913)
Time: Wed May 10 15:10:50 2023  Windows 10 , 64 bit Build 19041 (10.0.19041.2913) elapsed time: 25.036574 seconds (0d 0h 0m 25s)

---------------  T H R E A D  ---------------

Current thread (0x00000298ff227210):  JavaThread "Finalizer" daemon [_thread_in_native, id=1184, stack(0x000000a9c2500000,0x000000a9c2600000)]

Stack: [0x000000a9c2500000,0x000000a9c2600000],  sp=0x000000a9c25ff2f0,  free space=1020k
Native frames: (J=compiled Java code, j=interpreted, Vv=VM code, C=native code)
C  [jacob-1.20-x64.dll+0x24ed]

Java frames: (J=compiled Java code, j=interpreted, Vv=VM code)
j  com.jacob.com.Dispatch.release()V+0
j  com.jacob.com.Dispatch.safeRelease()V+12
j  com.jacob.com.Dispatch.finalize()V+1
j  com.jacob.activeX.ActiveXComponent.finalize()V+1
j  java.lang.System$2.invokeFinalize(Ljava/lang/Object;)V+1 java.base@17.0.6
j  java.lang.ref.Finalizer.runFinalizer(Ljdk/internal/access/JavaLangAccess;)V+115 java.base@17.0.6
J 4188% c1 java.lang.ref.Finalizer$FinalizerThread.run()V java.base@17.0.6 (56 bytes) @ 0x00000298e6f5ee0c [0x00000298e6f5e660+0x00000000000007ac]
v  ~StubRoutines::call_stub

siginfo: EXCEPTION_ACCESS_VIOLATION (0xc0000005), reading address 0x00007ff93fca7ad8


Register to memory mapping:

RIP=0x00007ff9562524ed jacob-1.20-x64.dll
RAX=0x0000029885705800 points into unknown readable memory: 0x00007ff93fca7ac8 | c8 7a ca 3f f9 7f 00 00
RBX=0x00000298ff2274b8 points into unknown readable memory: 0x00007ff8c1aba650 | 50 a6 ab c1 f8 7f 00 00
RCX=0x0000029885705800 points into unknown readable memory: 0x00007ff93fca7ac8 | c8 7a ca 3f f9 7f 00 00
RDX=0x00007ff93fca7ac8 is an unknown value
RSP=0x000000a9c25ff2f0 is pointing into the stack for thread: 0x00000298ff227210
RBP=0x000000a9c25ff398 is pointing into the stack for thread: 0x00000298ff227210
RSI=0x0000000000000042 is an unknown value
RDI=0x000000a9c25ff3b8 is pointing into the stack for thread: 0x00000298ff227210
R8 =0x0000000000000042 is an unknown value
R9 =0x0000000710e89108 is an oop: com.jacob.activeX.ActiveXComponent 
{0x0000000710e89108} - klass: 'com/jacob/activeX/ActiveXComponent'
 - ---- fields (total size 3 words):
 - private 'programId' 'Ljava/lang/String;' @12  "ECRCommX.BPOS1Lib"{0x0000000713979e78} (e272f3cf)
 - public 'm_pDispatch' 'J' @16  2854097016832 (85705800 298)
R10=0x00007ff8c1b39c30 jvm.dll
R11=0x0000000000000048 is an unknown value
R12=0x0 is NULL
R13={method} {0x000002988af06618} 'release' '()V' in 'com/jacob/com/Dispatch'
R14=0x000000a9c25ff3b8 is pointing into the stack for thread: 0x00000298ff227210
R15=0x00000298ff227210 is a thread


Registers:
RAX=0x0000029885705800, RBX=0x00000298ff2274b8, RCX=0x0000029885705800, RDX=0x00007ff93fca7ac8
RSP=0x000000a9c25ff2f0, RBP=0x000000a9c25ff398, RSI=0x0000000000000042, RDI=0x000000a9c25ff3b8
R8 =0x0000000000000042, R9 =0x0000000710e89108, R10=0x00007ff8c1b39c30, R11=0x0000000000000048
R12=0x0000000000000000, R13=0x000002988af06610, R14=0x000000a9c25ff3b8, R15=0x00000298ff227210
RIP=0x00007ff9562524ed, EFLAGS=0x0000000000010206

Top of Stack: (sp=0x000000a9c25ff2f0)
0x000000a9c25ff2f0:   00000298ff2274b8 0000000000000110
0x000000a9c25ff300:   000002988af06610 00007ff8c1643fbe
0x000000a9c25ff310:   0000000000006c26 00000298edcdd621
0x000000a9c25ff320:   000002988af06610 0000000000000110
0x000000a9c25ff330:   000002988af06408 00000298ff227210
0x000000a9c25ff340:   00000298ff227210 00000298edcdd2f6
0x000000a9c25ff350:   000000a9c25ff350 000002988af06610
0x000000a9c25ff360:   000000a9c25ff3b8 000002988af0a6e8
0x000000a9c25ff370:   0000000000000000 00000007138aadb0
0x000000a9c25ff380:   000002988af06610 0000000000000000
0x000000a9c25ff390:   000000a9c25ff3b8 000000a9c25ff408
0x000000a9c25ff3a0:   00000298edcd94fe 0000000000000000
0x000000a9c25ff3b0:   00000298edcdaf78 0000000710e89108
0x000000a9c25ff3c0:   000000a9c25ff3c0 000002988af063ac
0x000000a9c25ff3d0:   000000a9c25ff418 000002988af0a6e8
0x000000a9c25ff3e0:   0000000000000000 00000007138aadb0 

Instructions: (pc=0x00007ff9562524ed)
0x00007ff9562523ed:   00 00 8b 4c 24 50 41 b9 0a 00 00 00 41 b8 00 01
0x00007ff9562523fd:   00 00 48 8b d0 4c 8b f8 e8 d6 3a 01 00 4d 8b c7
0x00007ff95625240d:   48 8d 55 a0 41 8b ce e8 67 ec ff ff 48 8b f8 41
0x00007ff95625241d:   81 fe 09 00 02 80 75 24 44 8b 75 d8 45 85 f6 75
0x00007ff95625242d:   1b 0f b7 45 a0 b9 00 fe 00 00 41 be ff ff 04 80
0x00007ff95625243d:   66 3b c1 73 07 44 8d b0 00 02 04 80 45 8b c6 48
0x00007ff95625244d:   8b d7 48 8b ce e8 09 bb 00 00 48 85 ff 74 0d ba
0x00007ff95625245d:   02 00 00 00 48 8b cf e8 d3 ed 00 00 4d 85 ff 0f
0x00007ff95625246d:   84 49 fc ff ff ba 01 00 00 00 49 8b cf e8 bd ed
0x00007ff95625247d:   00 00 e9 37 fc ff ff 48 8b 45 98 e9 30 fc ff ff
0x00007ff95625248d:   cc cc cc 48 89 5c 24 08 48 89 74 24 10 57 48 83
0x00007ff95625249d:   ec 20 48 8b 01 48 8b fa 48 8b d9 ff 90 f8 00 00
0x00007ff9562524ad:   00 4c 8b 13 4c 8d 0d 9c 46 02 00 4c 8d 05 99 46
0x00007ff9562524bd:   02 00 48 8b d0 48 8b cb 41 ff 92 f0 02 00 00 4c
0x00007ff9562524cd:   8b 0b 48 8b d7 4c 8b c0 48 8b cb 48 8b f0 41 ff
0x00007ff9562524dd:   91 28 03 00 00 48 85 c0 74 1f 48 8b 10 48 8b c8
0x00007ff9562524ed:   ff 52 10 4c 8b 13 45 33 c9 4c 8b c6 48 8b d7 48
0x00007ff9562524fd:   8b cb 41 ff 92 70 03 00 00 48 8b 5c 24 30 48 8b
0x00007ff95625250d:   74 24 38 48 83 c4 20 5f c3 cc cc cc cc cc cc cc
0x00007ff95625251d:   cc cc cc 48 8d 05 91 36 03 00 c3 cc cc cc cc cc
0x00007ff95625252d:   cc cc cc 48 89 5c 24 08 57 48 83 ec 20 48 8b 01
0x00007ff95625253d:   48 8b da 48 8b f9 ff 90 f8 00 00 00 4c 8b 17 4c
0x00007ff95625254d:   8d 0d 01 46 02 00 4c 8d 05 fe 45 02 00 48 8b d0
0x00007ff95625255d:   48 8b cf 41 ff 92 f0 02 00 00 4c 8b 0f 48 8b d3
0x00007ff95625256d:   4c 8b c0 48 8b cf 48 8b 5c 24 30 48 83 c4 20 5f
0x00007ff95625257d:   49 ff a1 28 03 00 00 cc cc cc cc cc cc cc cc cc
0x00007ff95625258d:   cc cc cc 40 55 41 56 41 57 48 83 ec 40 48 8d 6c
0x00007ff95625259d:   24 30 48 89 5d 30 48 89 75 38 48 89 7d 40 48 8b
0x00007ff9562525ad:   05 66 2a 03 00 48 33 c5 48 89 45 08 45 8b f1 4d
0x00007ff9562525bd:   8b f8 48 8b f1 48 85 d2 0f 84 7f 00 00 00 48 c7
0x00007ff9562525cd:   c0 ff ff ff ff 48 ff c0 80 3c 02 00 75 f7 44 8d
0x00007ff9562525dd:   40 01 41 81 f8 ff ff ff 3f 7f 62 48 98 48 8d 04 


Stack slot to memory mapping:
stack at sp + 0 slots: 0x00000298ff2274b8 points into unknown readable memory: 0x00007ff8c1aba650 | 50 a6 ab c1 f8 7f 00 00
stack at sp + 1 slots: 0x0000000000000110 is an unknown value
stack at sp + 2 slots: {method} {0x000002988af06618} 'release' '()V' in 'com/jacob/com/Dispatch'
stack at sp + 3 slots: 0x00007ff8c1643fbe jvm.dll
stack at sp + 4 slots: 0x0000000000006c26 is an unknown value
stack at sp + 5 slots: 0x00000298edcdd621 is at code_begin+993 in an Interpreter codelet
method entry point (kind = native)  [0x00000298edcdd240, 0x00000298edcddbc0]  2432 bytes
stack at sp + 6 slots: {method} {0x000002988af06618} 'release' '()V' in 'com/jacob/com/Dispatch'
stack at sp + 7 slots: 0x0000000000000110 is an unknown value


---------------  P R O C E S S  ---------------

Threads class SMR info:
_java_thread_list=0x000002988252bbc0, length=16, elements={
0x00000298ff2260c0, 0x00000298ff227210, 0x00000298ff23e790, 0x00000298ff23f140,
0x00000298ff241b00, 0x00000298ff2424b0, 0x00000298ff243930, 0x00000298ff2443d0,
0x00000298ff263090, 0x00000298dd80c4b0, 0x00000298fff00f10, 0x00000298fff013e0,
0x000002988210a9c0, 0x0000029883435530, 0x00000298838cdeb0, 0x00000298838d0a00
}

Java Threads: ( => current thread )
  0x00000298ff2260c0 JavaThread "Reference Handler" daemon [_thread_blocked, id=19260, stack(0x000000a9c2400000,0x000000a9c2500000)]
=>0x00000298ff227210 JavaThread "Finalizer" daemon [_thread_in_native, id=1184, stack(0x000000a9c2500000,0x000000a9c2600000)]
  0x00000298ff23e790 JavaThread "Signal Dispatcher" daemon [_thread_blocked, id=15596, stack(0x000000a9c2600000,0x000000a9c2700000)]
  0x00000298ff23f140 JavaThread "Attach Listener" daemon [_thread_blocked, id=16792, stack(0x000000a9c2700000,0x000000a9c2800000)]
  0x00000298ff241b00 JavaThread "Service Thread" daemon [_thread_blocked, id=17412, stack(0x000000a9c2800000,0x000000a9c2900000)]
  0x00000298ff2424b0 JavaThread "Monitor Deflation Thread" daemon [_thread_blocked, id=15204, stack(0x000000a9c2900000,0x000000a9c2a00000)]
  0x00000298ff243930 JavaThread "C2 CompilerThread0" daemon [_thread_blocked, id=17484, stack(0x000000a9c2a00000,0x000000a9c2b00000)]
  0x00000298ff2443d0 JavaThread "C1 CompilerThread0" daemon [_thread_blocked, id=2880, stack(0x000000a9c2b00000,0x000000a9c2c00000)]
  0x00000298ff263090 JavaThread "Sweeper thread" daemon [_thread_blocked, id=4200, stack(0x000000a9c2c00000,0x000000a9c2d00000)]
  0x00000298dd80c4b0 JavaThread "Common-Cleaner" daemon [_thread_blocked, id=14552, stack(0x000000a9c2d00000,0x000000a9c2e00000)]
  0x00000298fff00f10 JavaThread "Monitor Ctrl-Break" daemon [_thread_in_native, id=5872, stack(0x000000a9c2e00000,0x000000a9c2f00000)]
  0x00000298fff013e0 JavaThread "Notification Thread" daemon [_thread_blocked, id=6596, stack(0x000000a9c2f00000,0x000000a9c3000000)]
  0x000002988210a9c0 JavaThread "Java2D Disposer" daemon [_thread_blocked, id=15156, stack(0x000000a9c3200000,0x000000a9c3300000)]
  0x0000029883435530 JavaThread "DestroyJavaVM" [_thread_blocked, id=12132, stack(0x000000a9c1d00000,0x000000a9c1e00000)]
  0x00000298838cdeb0 JavaThread "TimerQueue" daemon [_thread_blocked, id=10296, stack(0x000000a9c4d00000,0x000000a9c4e00000)]
  0x00000298838d0a00 JavaThread "Image Fetcher 0" daemon [_thread_blocked, id=14412, stack(0x000000a9c4b00000,0x000000a9c4c00000)]

Other Threads:
  0x00000298ff2207b0 VMThread "VM Thread" [stack: 0x000000a9c2300000,0x000000a9c2400000] [id=6620]
  0x00000298ffe38610 WatcherThread [stack: 0x000000a9c3000000,0x000000a9c3100000] [id=18860]
  0x00000298dd7a1690 GCTaskThread "GC Thread#0" [stack: 0x000000a9c1e00000,0x000000a9c1f00000] [id=18496]
  0x00000298823bb660 GCTaskThread "GC Thread#1" [stack: 0x000000a9c3700000,0x000000a9c3800000] [id=12388]
  0x00000298825de390 GCTaskThread "GC Thread#2" [stack: 0x000000a9c3800000,0x000000a9c3900000] [id=18620]
  0x00000298825de640 GCTaskThread "GC Thread#3" [stack: 0x000000a9c3900000,0x000000a9c3a00000] [id=7412]
  0x00000298dd7b2560 ConcurrentGCThread "G1 Main Marker" [stack: 0x000000a9c1f00000,0x000000a9c2000000] [id=8116]
  0x00000298dd7b4f50 ConcurrentGCThread "G1 Conc#0" [stack: 0x000000a9c2000000,0x000000a9c2100000] [id=17544]
  0x00000298ff0f20c0 ConcurrentGCThread "G1 Refine#0" [stack: 0x000000a9c2100000,0x000000a9c2200000] [id=14664]
  0x000002988251d360 ConcurrentGCThread "G1 Refine#1" [stack: 0x000000a9c3a00000,0x000000a9c3b00000] [id=17864]
  0x000002988228b020 ConcurrentGCThread "G1 Refine#2" [stack: 0x000000a9c4800000,0x000000a9c4900000] [id=16720]
  0x000002988228b300 ConcurrentGCThread "G1 Refine#3" [stack: 0x000000a9c4a00000,0x000000a9c4b00000] [id=17000]
  0x00000298ff0f39d0 ConcurrentGCThread "G1 Service" [stack: 0x000000a9c2200000,0x000000a9c2300000] [id=11212]

Threads with active compile tasks:

VM state: not at safepoint (normal execution)

VM Mutex/Monitor currently owned by a thread: None

Heap address: 0x0000000710800000, size: 3832 MB, Compressed Oops mode: Zero based, Oop shift amount: 3

CDS archive(s) mapped at: [0x0000000800000000-0x0000000800bd0000-0x0000000800bd0000), size 12386304, SharedBaseAddress: 0x0000000800000000, ArchiveRelocationMode: 0.
Compressed class space mapped at: 0x0000000800c00000-0x0000000840c00000, reserved size: 1073741824
Narrow klass base: 0x0000000800000000, Narrow klass shift: 0, Narrow klass range: 0x100000000

GC Precious Log:
 CPUs: 4 total, 4 available
 Memory: 15320M
 Large Page Support: Disabled
 NUMA Support: Disabled
 Compressed Oops: Enabled (Zero based)
 Heap Region Size: 2M
 Heap Min Capacity: 8M
 Heap Initial Capacity: 240M
 Heap Max Capacity: 3832M
 Pre-touch: Disabled
 Parallel Workers: 4
 Concurrent Workers: 1
 Concurrent Refinement Workers: 4
 Periodic GC: Disabled

Heap:
 garbage-first heap   total 374784K, used 84565K [0x0000000710800000, 0x0000000800000000)
  region size 2048K, 13 young (26624K), 1 survivors (2048K)
 Metaspace       used 26168K, committed 26432K, reserved 1073152K
  class space    used 2930K, committed 3072K, reserved 1048576K

Heap Regions: E=young(eden), S=young(survivor), O=old, HS=humongous(starts), HC=humongous(continues), CS=collection set, F=free, OA=open archive, CA=closed archive, TAMS=top-at-mark-start (previous, next)
|   0|0x0000000710800000, 0x0000000710a00000, 0x0000000710a00000|100%| O|  |TAMS 0x0000000710a00000, 0x0000000710800000| Untracked 
|   1|0x0000000710a00000, 0x0000000710c00000, 0x0000000710c00000|100%| O|  |TAMS 0x0000000710c00000, 0x0000000710a00000| Untracked 
|   2|0x0000000710c00000, 0x0000000710e00000, 0x0000000710e00000|100%| O|  |TAMS 0x0000000710c00000, 0x0000000710c00000| Untracked 
|   3|0x0000000710e00000, 0x0000000711000000, 0x0000000711000000|100%| O|  |TAMS 0x0000000710e00000, 0x0000000710e00000| Untracked 
|   4|0x0000000711000000, 0x0000000711200000, 0x0000000711200000|100%| O|  |TAMS 0x0000000711200000, 0x0000000711000000| Untracked 
|   5|0x0000000711200000, 0x0000000711200000, 0x0000000711400000|  0%| F|  |TAMS 0x0000000711200000, 0x0000000711200000| Untracked 
|   6|0x0000000711400000, 0x0000000711600000, 0x0000000711600000|100%| O|  |TAMS 0x0000000711400000, 0x0000000711400000| Untracked 
|   7|0x0000000711600000, 0x0000000711800000, 0x0000000711800000|100%| O|  |TAMS 0x0000000711600000, 0x0000000711600000| Untracked 
|   8|0x0000000711800000, 0x0000000711a00000, 0x0000000711a00000|100%| O|  |TAMS 0x0000000711800000, 0x0000000711800000| Untracked 
|   9|0x0000000711a00000, 0x0000000711b1b000, 0x0000000711c00000| 55%| O|  |TAMS 0x0000000711a00000, 0x0000000711a00000| Untracked 
|  10|0x0000000711c00000, 0x0000000711e00000, 0x0000000711e00000|100%|HS|  |TAMS 0x0000000711e00000, 0x0000000711c00000| Complete 
|  11|0x0000000711e00000, 0x0000000712000000, 0x0000000712000000|100%| O|  |TAMS 0x0000000711e00000, 0x0000000711e00000| Untracked 
|  12|0x0000000712000000, 0x0000000712200000, 0x0000000712200000|100%| O|  |TAMS 0x0000000712200000, 0x0000000712000000| Untracked 
|  13|0x0000000712200000, 0x0000000712200000, 0x0000000712400000|  0%| F|  |TAMS 0x0000000712200000, 0x0000000712200000| Untracked 
|  14|0x0000000712400000, 0x0000000712600000, 0x0000000712600000|100%| O|  |TAMS 0x0000000712400000, 0x0000000712400000| Untracked 
|  15|0x0000000712600000, 0x0000000712800000, 0x0000000712800000|100%| O|  |TAMS 0x0000000712600000, 0x0000000712600000| Untracked 
|  16|0x0000000712800000, 0x0000000712a00000, 0x0000000712a00000|100%| O|  |TAMS 0x0000000712a00000, 0x0000000712800000| Untracked 
|  17|0x0000000712a00000, 0x0000000712c00000, 0x0000000712c00000|100%| O|  |TAMS 0x0000000712c00000, 0x0000000712a00000| Untracked 
|  18|0x0000000712c00000, 0x0000000712e00000, 0x0000000712e00000|100%| O|  |TAMS 0x0000000712e00000, 0x0000000712c00000| Untracked 
|  19|0x0000000712e00000, 0x0000000713000000, 0x0000000713000000|100%| O|  |TAMS 0x0000000713000000, 0x0000000712e00000| Untracked 
|  20|0x0000000713000000, 0x0000000713200000, 0x0000000713200000|100%| O|  |TAMS 0x0000000713200000, 0x0000000713000000| Untracked 
|  21|0x0000000713200000, 0x0000000713400000, 0x0000000713400000|100%| O|  |TAMS 0x0000000713400000, 0x0000000713200000| Untracked 
|  22|0x0000000713400000, 0x0000000713600000, 0x0000000713600000|100%| O|  |TAMS 0x0000000713600000, 0x0000000713400000| Untracked 
|  23|0x0000000713600000, 0x0000000713600000, 0x0000000713800000|  0%| F|  |TAMS 0x0000000713600000, 0x0000000713600000| Untracked 
|  24|0x0000000713800000, 0x0000000713a00000, 0x0000000713a00000|100%| O|  |TAMS 0x0000000713a00000, 0x0000000713800000| Untracked 
|  25|0x0000000713a00000, 0x0000000713a00000, 0x0000000713c00000|  0%| F|  |TAMS 0x0000000713a00000, 0x0000000713a00000| Untracked 
|  26|0x0000000713c00000, 0x0000000713e00000, 0x0000000713e00000|100%| O|  |TAMS 0x0000000713e00000, 0x0000000713c00000| Untracked 
|  27|0x0000000713e00000, 0x0000000713e00000, 0x0000000714000000|  0%| F|  |TAMS 0x0000000713e00000, 0x0000000713e00000| Untracked 
|  28|0x0000000714000000, 0x0000000714200000, 0x0000000714200000|100%| O|  |TAMS 0x0000000714200000, 0x0000000714000000| Untracked 
|  29|0x0000000714200000, 0x0000000714200000, 0x0000000714400000|  0%| F|  |TAMS 0x0000000714200000, 0x0000000714200000| Untracked 
|  30|0x0000000714400000, 0x0000000714400000, 0x0000000714600000|  0%| F|  |TAMS 0x0000000714400000, 0x0000000714400000| Untracked 
|  31|0x0000000714600000, 0x0000000714600000, 0x0000000714800000|  0%| F|  |TAMS 0x0000000714600000, 0x0000000714600000| Untracked 
|  32|0x0000000714800000, 0x0000000714800000, 0x0000000714a00000|  0%| F|  |TAMS 0x0000000714800000, 0x0000000714800000| Untracked 
|  33|0x0000000714a00000, 0x0000000714c00000, 0x0000000714c00000|100%| O|  |TAMS 0x0000000714a00000, 0x0000000714a00000| Untracked 
|  34|0x0000000714c00000, 0x0000000714c00000, 0x0000000714e00000|  0%| F|  |TAMS 0x0000000714c00000, 0x0000000714c00000| Untracked 
|  35|0x0000000714e00000, 0x0000000714e00000, 0x0000000715000000|  0%| F|  |TAMS 0x0000000714e00000, 0x0000000714e00000| Untracked 
|  36|0x0000000715000000, 0x0000000715000000, 0x0000000715200000|  0%| F|  |TAMS 0x0000000715000000, 0x0000000715000000| Untracked 
|  37|0x0000000715200000, 0x0000000715200000, 0x0000000715400000|  0%| F|  |TAMS 0x0000000715200000, 0x0000000715200000| Untracked 
|  38|0x0000000715400000, 0x0000000715600000, 0x0000000715600000|100%| O|  |TAMS 0x0000000715400000, 0x0000000715400000| Untracked 
|  39|0x0000000715600000, 0x0000000715800000, 0x0000000715800000|100%| O|  |TAMS 0x0000000715600000, 0x0000000715600000| Untracked 
|  40|0x0000000715800000, 0x0000000715a00000, 0x0000000715a00000|100%| O|  |TAMS 0x0000000715800000, 0x0000000715800000| Untracked 
|  41|0x0000000715a00000, 0x0000000715a00000, 0x0000000715c00000|  0%| F|  |TAMS 0x0000000715a00000, 0x0000000715a00000| Untracked 
|  42|0x0000000715c00000, 0x0000000715e00000, 0x0000000715e00000|100%|HS|  |TAMS 0x0000000715c00000, 0x0000000715c00000| Complete 
|  43|0x0000000715e00000, 0x0000000716000000, 0x0000000716000000|100%|HC|  |TAMS 0x0000000715e00000, 0x0000000715e00000| Complete 
|  44|0x0000000716000000, 0x0000000716000000, 0x0000000716200000|  0%| F|  |TAMS 0x0000000716000000, 0x0000000716000000| Untracked 
|  45|0x0000000716200000, 0x0000000716200000, 0x0000000716400000|  0%| F|  |TAMS 0x0000000716200000, 0x0000000716200000| Untracked 
|  46|0x0000000716400000, 0x0000000716400000, 0x0000000716600000|  0%| F|  |TAMS 0x0000000716400000, 0x0000000716400000| Untracked 
|  47|0x0000000716600000, 0x0000000716600000, 0x0000000716800000|  0%| F|  |TAMS 0x0000000716600000, 0x0000000716600000| Untracked 
|  48|0x0000000716800000, 0x0000000716800000, 0x0000000716a00000|  0%| F|  |TAMS 0x0000000716800000, 0x0000000716800000| Untracked 
|  49|0x0000000716a00000, 0x0000000716a00000, 0x0000000716c00000|  0%| F|  |TAMS 0x0000000716a00000, 0x0000000716a00000| Untracked 
|  50|0x0000000716c00000, 0x0000000716c00000, 0x0000000716e00000|  0%| F|  |TAMS 0x0000000716c00000, 0x0000000716c00000| Untracked 
|  51|0x0000000716e00000, 0x0000000716e00000, 0x0000000717000000|  0%| F|  |TAMS 0x0000000716e00000, 0x0000000716e00000| Untracked 
|  52|0x0000000717000000, 0x0000000717000000, 0x0000000717200000|  0%| F|  |TAMS 0x0000000717000000, 0x0000000717000000| Untracked 
|  53|0x0000000717200000, 0x0000000717200000, 0x0000000717400000|  0%| F|  |TAMS 0x0000000717200000, 0x0000000717200000| Untracked 
|  54|0x0000000717400000, 0x0000000717400000, 0x0000000717600000|  0%| F|  |TAMS 0x0000000717400000, 0x0000000717400000| Untracked 
|  55|0x0000000717600000, 0x0000000717600000, 0x0000000717800000|  0%| F|  |TAMS 0x0000000717600000, 0x0000000717600000| Untracked 
|  56|0x0000000717800000, 0x0000000717800000, 0x0000000717a00000|  0%| F|  |TAMS 0x0000000717800000, 0x0000000717800000| Untracked 
|  57|0x0000000717a00000, 0x0000000717a00000, 0x0000000717c00000|  0%| F|  |TAMS 0x0000000717a00000, 0x0000000717a00000| Untracked 
|  58|0x0000000717c00000, 0x0000000717c00000, 0x0000000717e00000|  0%| F|  |TAMS 0x0000000717c00000, 0x0000000717c00000| Untracked 
|  59|0x0000000717e00000, 0x0000000717e00000, 0x0000000718000000|  0%| F|  |TAMS 0x0000000717e00000, 0x0000000717e00000| Untracked 
|  60|0x0000000718000000, 0x0000000718000000, 0x0000000718200000|  0%| F|  |TAMS 0x0000000718000000, 0x0000000718000000| Untracked 
|  61|0x0000000718200000, 0x0000000718200000, 0x0000000718400000|  0%| F|  |TAMS 0x0000000718200000, 0x0000000718200000| Untracked 
|  62|0x0000000718400000, 0x0000000718400000, 0x0000000718600000|  0%| F|  |TAMS 0x0000000718400000, 0x0000000718400000| Untracked 
|  63|0x0000000718600000, 0x0000000718600000, 0x0000000718800000|  0%| F|  |TAMS 0x0000000718600000, 0x0000000718600000| Untracked 
|  64|0x0000000718800000, 0x0000000718800000, 0x0000000718a00000|  0%| F|  |TAMS 0x0000000718800000, 0x0000000718800000| Untracked 
|  65|0x0000000718a00000, 0x0000000718a00000, 0x0000000718c00000|  0%| F|  |TAMS 0x0000000718a00000, 0x0000000718a00000| Untracked 
|  66|0x0000000718c00000, 0x0000000718c00000, 0x0000000718e00000|  0%| F|  |TAMS 0x0000000718c00000, 0x0000000718c00000| Untracked 
|  67|0x0000000718e00000, 0x0000000718e00000, 0x0000000719000000|  0%| F|  |TAMS 0x0000000718e00000, 0x0000000718e00000| Untracked 
|  68|0x0000000719000000, 0x0000000719000000, 0x0000000719200000|  0%| F|  |TAMS 0x0000000719000000, 0x0000000719000000| Untracked 
|  69|0x0000000719200000, 0x0000000719200000, 0x0000000719400000|  0%| F|  |TAMS 0x0000000719200000, 0x0000000719200000| Untracked 
|  70|0x0000000719400000, 0x0000000719400000, 0x0000000719600000|  0%| F|  |TAMS 0x0000000719400000, 0x0000000719400000| Untracked 
|  71|0x0000000719600000, 0x0000000719600000, 0x0000000719800000|  0%| F|  |TAMS 0x0000000719600000, 0x0000000719600000| Untracked 
|  72|0x0000000719800000, 0x0000000719800000, 0x0000000719a00000|  0%| F|  |TAMS 0x0000000719800000, 0x0000000719800000| Untracked 
|  73|0x0000000719a00000, 0x0000000719a00000, 0x0000000719c00000|  0%| F|  |TAMS 0x0000000719a00000, 0x0000000719a00000| Untracked 
|  74|0x0000000719c00000, 0x0000000719c00000, 0x0000000719e00000|  0%| F|  |TAMS 0x0000000719c00000, 0x0000000719c00000| Untracked 
|  75|0x0000000719e00000, 0x0000000719e00000, 0x000000071a000000|  0%| F|  |TAMS 0x0000000719e00000, 0x0000000719e00000| Untracked 
|  76|0x000000071a000000, 0x000000071a000000, 0x000000071a200000|  0%| F|  |TAMS 0x000000071a000000, 0x000000071a000000| Untracked 
|  77|0x000000071a200000, 0x000000071a200000, 0x000000071a400000|  0%| F|  |TAMS 0x000000071a200000, 0x000000071a200000| Untracked 
|  78|0x000000071a400000, 0x000000071a400000, 0x000000071a600000|  0%| F|  |TAMS 0x000000071a400000, 0x000000071a400000| Untracked 
|  79|0x000000071a600000, 0x000000071a600000, 0x000000071a800000|  0%| F|  |TAMS 0x000000071a600000, 0x000000071a600000| Untracked 
|  80|0x000000071a800000, 0x000000071a800000, 0x000000071aa00000|  0%| F|  |TAMS 0x000000071a800000, 0x000000071a800000| Untracked 
|  81|0x000000071aa00000, 0x000000071aa00000, 0x000000071ac00000|  0%| F|  |TAMS 0x000000071aa00000, 0x000000071aa00000| Untracked 
|  82|0x000000071ac00000, 0x000000071ac00000, 0x000000071ae00000|  0%| F|  |TAMS 0x000000071ac00000, 0x000000071ac00000| Untracked 
|  83|0x000000071ae00000, 0x000000071ae00000, 0x000000071b000000|  0%| F|  |TAMS 0x000000071ae00000, 0x000000071ae00000| Untracked 
|  84|0x000000071b000000, 0x000000071b000000, 0x000000071b200000|  0%| F|  |TAMS 0x000000071b000000, 0x000000071b000000| Untracked 
|  85|0x000000071b200000, 0x000000071b200000, 0x000000071b400000|  0%| F|  |TAMS 0x000000071b200000, 0x000000071b200000| Untracked 
|  86|0x000000071b400000, 0x000000071b400000, 0x000000071b600000|  0%| F|  |TAMS 0x000000071b400000, 0x000000071b400000| Untracked 
|  87|0x000000071b600000, 0x000000071b600000, 0x000000071b800000|  0%| F|  |TAMS 0x000000071b600000, 0x000000071b600000| Untracked 
|  88|0x000000071b800000, 0x000000071b800000, 0x000000071ba00000|  0%| F|  |TAMS 0x000000071b800000, 0x000000071b800000| Untracked 
|  89|0x000000071ba00000, 0x000000071ba00000, 0x000000071bc00000|  0%| F|  |TAMS 0x000000071ba00000, 0x000000071ba00000| Untracked 
|  90|0x000000071bc00000, 0x000000071bc00000, 0x000000071be00000|  0%| F|  |TAMS 0x000000071bc00000, 0x000000071bc00000| Untracked 
|  91|0x000000071be00000, 0x000000071be00000, 0x000000071c000000|  0%| F|  |TAMS 0x000000071be00000, 0x000000071be00000| Untracked 
|  92|0x000000071c000000, 0x000000071c000000, 0x000000071c200000|  0%| F|  |TAMS 0x000000071c000000, 0x000000071c000000| Untracked 
|  93|0x000000071c200000, 0x000000071c200000, 0x000000071c400000|  0%| F|  |TAMS 0x000000071c200000, 0x000000071c200000| Untracked 
|  94|0x000000071c400000, 0x000000071c400000, 0x000000071c600000|  0%| F|  |TAMS 0x000000071c400000, 0x000000071c400000| Untracked 
|  95|0x000000071c600000, 0x000000071c600000, 0x000000071c800000|  0%| F|  |TAMS 0x000000071c600000, 0x000000071c600000| Untracked 
|  96|0x000000071c800000, 0x000000071c800000, 0x000000071ca00000|  0%| F|  |TAMS 0x000000071c800000, 0x000000071c800000| Untracked 
|  97|0x000000071ca00000, 0x000000071ca00000, 0x000000071cc00000|  0%| F|  |TAMS 0x000000071ca00000, 0x000000071ca00000| Untracked 
|  98|0x000000071cc00000, 0x000000071cc00000, 0x000000071ce00000|  0%| F|  |TAMS 0x000000071cc00000, 0x000000071cc00000| Untracked 
|  99|0x000000071ce00000, 0x000000071ce00000, 0x000000071d000000|  0%| F|  |TAMS 0x000000071ce00000, 0x000000071ce00000| Untracked 
| 100|0x000000071d000000, 0x000000071d000000, 0x000000071d200000|  0%| F|  |TAMS 0x000000071d000000, 0x000000071d000000| Untracked 
| 101|0x000000071d200000, 0x000000071d200000, 0x000000071d400000|  0%| F|  |TAMS 0x000000071d200000, 0x000000071d200000| Untracked 
| 102|0x000000071d400000, 0x000000071d400000, 0x000000071d600000|  0%| F|  |TAMS 0x000000071d400000, 0x000000071d400000| Untracked 
| 103|0x000000071d600000, 0x000000071d600000, 0x000000071d800000|  0%| F|  |TAMS 0x000000071d600000, 0x000000071d600000| Untracked 
| 104|0x000000071d800000, 0x000000071d800000, 0x000000071da00000|  0%| F|  |TAMS 0x000000071d800000, 0x000000071d800000| Untracked 
| 105|0x000000071da00000, 0x000000071da00000, 0x000000071dc00000|  0%| F|  |TAMS 0x000000071da00000, 0x000000071da00000| Untracked 
| 106|0x000000071dc00000, 0x000000071dc00000, 0x000000071de00000|  0%| F|  |TAMS 0x000000071dc00000, 0x000000071dc00000| Untracked 
| 107|0x000000071de00000, 0x000000071de00000, 0x000000071e000000|  0%| F|  |TAMS 0x000000071de00000, 0x000000071de00000| Untracked 
| 108|0x000000071e000000, 0x000000071e000000, 0x000000071e200000|  0%| F|  |TAMS 0x000000071e000000, 0x000000071e000000| Untracked 
| 109|0x000000071e200000, 0x000000071e200000, 0x000000071e400000|  0%| F|  |TAMS 0x000000071e200000, 0x000000071e200000| Untracked 
| 110|0x000000071e400000, 0x000000071e400000, 0x000000071e600000|  0%| F|  |TAMS 0x000000071e400000, 0x000000071e400000| Untracked 
| 111|0x000000071e600000, 0x000000071e600000, 0x000000071e800000|  0%| F|  |TAMS 0x000000071e600000, 0x000000071e600000| Untracked 
| 112|0x000000071e800000, 0x000000071e800000, 0x000000071ea00000|  0%| F|  |TAMS 0x000000071e800000, 0x000000071e800000| Untracked 
| 113|0x000000071ea00000, 0x000000071ea00000, 0x000000071ec00000|  0%| F|  |TAMS 0x000000071ea00000, 0x000000071ea00000| Untracked 
| 114|0x000000071ec00000, 0x000000071ed7a5e8, 0x000000071ee00000| 73%| S|CS|TAMS 0x000000071ec00000, 0x000000071ec00000| Complete 
| 115|0x000000071ee00000, 0x000000071ee00000, 0x000000071f000000|  0%| F|  |TAMS 0x000000071ee00000, 0x000000071ee00000| Untracked 
| 116|0x000000071f000000, 0x000000071f000000, 0x000000071f200000|  0%| F|  |TAMS 0x000000071f000000, 0x000000071f000000| Untracked 
| 117|0x000000071f200000, 0x000000071f200000, 0x000000071f400000|  0%| F|  |TAMS 0x000000071f200000, 0x000000071f200000| Untracked 
| 118|0x000000071f400000, 0x000000071f400000, 0x000000071f600000|  0%| F|  |TAMS 0x000000071f400000, 0x000000071f400000| Untracked 
| 119|0x000000071f600000, 0x000000071f600000, 0x000000071f800000|  0%| F|  |TAMS 0x000000071f600000, 0x000000071f600000| Untracked 
| 120|0x000000071f800000, 0x000000071f800000, 0x000000071fa00000|  0%| F|  |TAMS 0x000000071f800000, 0x000000071f800000| Untracked 
| 121|0x000000071fa00000, 0x000000071fa00000, 0x000000071fc00000|  0%| F|  |TAMS 0x000000071fa00000, 0x000000071fa00000| Untracked 
| 122|0x000000071fc00000, 0x000000071fc00000, 0x000000071fe00000|  0%| F|  |TAMS 0x000000071fc00000, 0x000000071fc00000| Untracked 
| 123|0x000000071fe00000, 0x000000071fe00000, 0x0000000720000000|  0%| F|  |TAMS 0x000000071fe00000, 0x000000071fe00000| Untracked 
| 124|0x0000000720000000, 0x0000000720000000, 0x0000000720200000|  0%| F|  |TAMS 0x0000000720000000, 0x0000000720000000| Untracked 
| 125|0x0000000720200000, 0x0000000720200000, 0x0000000720400000|  0%| F|  |TAMS 0x0000000720200000, 0x0000000720200000| Untracked 
| 126|0x0000000720400000, 0x0000000720400000, 0x0000000720600000|  0%| F|  |TAMS 0x0000000720400000, 0x0000000720400000| Untracked 
| 127|0x0000000720600000, 0x0000000720600000, 0x0000000720800000|  0%| F|  |TAMS 0x0000000720600000, 0x0000000720600000| Untracked 
| 128|0x0000000720800000, 0x0000000720800000, 0x0000000720a00000|  0%| F|  |TAMS 0x0000000720800000, 0x0000000720800000| Untracked 
| 129|0x0000000720a00000, 0x0000000720a00000, 0x0000000720c00000|  0%| F|  |TAMS 0x0000000720a00000, 0x0000000720a00000| Untracked 
| 130|0x0000000720c00000, 0x0000000720c00000, 0x0000000720e00000|  0%| F|  |TAMS 0x0000000720c00000, 0x0000000720c00000| Untracked 
| 131|0x0000000720e00000, 0x0000000720e00000, 0x0000000721000000|  0%| F|  |TAMS 0x0000000720e00000, 0x0000000720e00000| Untracked 
| 132|0x0000000721000000, 0x0000000721000000, 0x0000000721200000|  0%| F|  |TAMS 0x0000000721000000, 0x0000000721000000| Untracked 
| 133|0x0000000721200000, 0x0000000721200000, 0x0000000721400000|  0%| F|  |TAMS 0x0000000721200000, 0x0000000721200000| Untracked 
| 134|0x0000000721400000, 0x0000000721400000, 0x0000000721600000|  0%| F|  |TAMS 0x0000000721400000, 0x0000000721400000| Untracked 
| 135|0x0000000721600000, 0x0000000721600000, 0x0000000721800000|  0%| F|  |TAMS 0x0000000721600000, 0x0000000721600000| Untracked 
| 136|0x0000000721800000, 0x0000000721800000, 0x0000000721a00000|  0%| F|  |TAMS 0x0000000721800000, 0x0000000721800000| Untracked 
| 137|0x0000000721a00000, 0x0000000721a00000, 0x0000000721c00000|  0%| F|  |TAMS 0x0000000721a00000, 0x0000000721a00000| Untracked 
| 138|0x0000000721c00000, 0x0000000721c00000, 0x0000000721e00000|  0%| F|  |TAMS 0x0000000721c00000, 0x0000000721c00000| Untracked 
| 139|0x0000000721e00000, 0x0000000721e00000, 0x0000000722000000|  0%| F|  |TAMS 0x0000000721e00000, 0x0000000721e00000| Untracked 
| 140|0x0000000722000000, 0x0000000722000000, 0x0000000722200000|  0%| F|  |TAMS 0x0000000722000000, 0x0000000722000000| Untracked 
| 141|0x0000000722200000, 0x0000000722200000, 0x0000000722400000|  0%| F|  |TAMS 0x0000000722200000, 0x0000000722200000| Untracked 
| 142|0x0000000722400000, 0x0000000722400000, 0x0000000722600000|  0%| F|  |TAMS 0x0000000722400000, 0x0000000722400000| Untracked 
| 143|0x0000000722600000, 0x0000000722600000, 0x0000000722800000|  0%| F|  |TAMS 0x0000000722600000, 0x0000000722600000| Untracked 
| 144|0x0000000722800000, 0x0000000722800000, 0x0000000722a00000|  0%| F|  |TAMS 0x0000000722800000, 0x0000000722800000| Untracked 
| 145|0x0000000722a00000, 0x0000000722a00000, 0x0000000722c00000|  0%| F|  |TAMS 0x0000000722a00000, 0x0000000722a00000| Untracked 
| 146|0x0000000722c00000, 0x0000000722c00000, 0x0000000722e00000|  0%| F|  |TAMS 0x0000000722c00000, 0x0000000722c00000| Untracked 
| 147|0x0000000722e00000, 0x0000000722e00000, 0x0000000723000000|  0%| F|  |TAMS 0x0000000722e00000, 0x0000000722e00000| Untracked 
| 148|0x0000000723000000, 0x0000000723000000, 0x0000000723200000|  0%| F|  |TAMS 0x0000000723000000, 0x0000000723000000| Untracked 
| 149|0x0000000723200000, 0x0000000723200000, 0x0000000723400000|  0%| F|  |TAMS 0x0000000723200000, 0x0000000723200000| Untracked 
| 150|0x0000000723400000, 0x0000000723400000, 0x0000000723600000|  0%| F|  |TAMS 0x0000000723400000, 0x0000000723400000| Untracked 
| 151|0x0000000723600000, 0x0000000723600000, 0x0000000723800000|  0%| F|  |TAMS 0x0000000723600000, 0x0000000723600000| Untracked 
| 152|0x0000000723800000, 0x0000000723800000, 0x0000000723a00000|  0%| F|  |TAMS 0x0000000723800000, 0x0000000723800000| Untracked 
| 153|0x0000000723a00000, 0x0000000723a00000, 0x0000000723c00000|  0%| F|  |TAMS 0x0000000723a00000, 0x0000000723a00000| Untracked 
| 154|0x0000000723c00000, 0x0000000723c00000, 0x0000000723e00000|  0%| F|  |TAMS 0x0000000723c00000, 0x0000000723c00000| Untracked 
| 155|0x0000000723e00000, 0x0000000723e00000, 0x0000000724000000|  0%| F|  |TAMS 0x0000000723e00000, 0x0000000723e00000| Untracked 
| 156|0x0000000724000000, 0x0000000724000000, 0x0000000724200000|  0%| F|  |TAMS 0x0000000724000000, 0x0000000724000000| Untracked 
| 157|0x0000000724200000, 0x0000000724200000, 0x0000000724400000|  0%| F|  |TAMS 0x0000000724200000, 0x0000000724200000| Untracked 
| 158|0x0000000724400000, 0x0000000724400000, 0x0000000724600000|  0%| F|  |TAMS 0x0000000724400000, 0x0000000724400000| Untracked 
| 159|0x0000000724600000, 0x0000000724600000, 0x0000000724800000|  0%| F|  |TAMS 0x0000000724600000, 0x0000000724600000| Untracked 
| 160|0x0000000724800000, 0x0000000724800000, 0x0000000724a00000|  0%| F|  |TAMS 0x0000000724800000, 0x0000000724800000| Untracked 
| 161|0x0000000724a00000, 0x0000000724a00000, 0x0000000724c00000|  0%| F|  |TAMS 0x0000000724a00000, 0x0000000724a00000| Untracked 
| 162|0x0000000724c00000, 0x0000000724c00000, 0x0000000724e00000|  0%| F|  |TAMS 0x0000000724c00000, 0x0000000724c00000| Untracked 
| 163|0x0000000724e00000, 0x0000000724e00000, 0x0000000725000000|  0%| F|  |TAMS 0x0000000724e00000, 0x0000000724e00000| Untracked 
| 164|0x0000000725000000, 0x0000000725000000, 0x0000000725200000|  0%| F|  |TAMS 0x0000000725000000, 0x0000000725000000| Untracked 
| 165|0x0000000725200000, 0x0000000725200000, 0x0000000725400000|  0%| F|  |TAMS 0x0000000725200000, 0x0000000725200000| Untracked 
| 166|0x0000000725400000, 0x0000000725400000, 0x0000000725600000|  0%| F|  |TAMS 0x0000000725400000, 0x0000000725400000| Untracked 
| 167|0x0000000725600000, 0x0000000725600000, 0x0000000725800000|  0%| F|  |TAMS 0x0000000725600000, 0x0000000725600000| Untracked 
| 168|0x0000000725800000, 0x0000000725800000, 0x0000000725a00000|  0%| F|  |TAMS 0x0000000725800000, 0x0000000725800000| Untracked 
| 169|0x0000000725a00000, 0x0000000725a00000, 0x0000000725c00000|  0%| F|  |TAMS 0x0000000725a00000, 0x0000000725a00000| Untracked 
| 170|0x0000000725c00000, 0x0000000725c00000, 0x0000000725e00000|  0%| F|  |TAMS 0x0000000725c00000, 0x0000000725c00000| Untracked 
| 171|0x0000000725e00000, 0x0000000725f01060, 0x0000000726000000| 50%| E|  |TAMS 0x0000000725e00000, 0x0000000725e00000| Complete 
| 172|0x0000000726000000, 0x0000000726200000, 0x0000000726200000|100%| E|CS|TAMS 0x0000000726000000, 0x0000000726000000| Complete 
| 173|0x0000000726200000, 0x0000000726400000, 0x0000000726400000|100%| E|CS|TAMS 0x0000000726200000, 0x0000000726200000| Complete 
| 174|0x0000000726400000, 0x0000000726600000, 0x0000000726600000|100%| E|CS|TAMS 0x0000000726400000, 0x0000000726400000| Complete 
| 175|0x0000000726600000, 0x0000000726800000, 0x0000000726800000|100%| E|CS|TAMS 0x0000000726600000, 0x0000000726600000| Complete 
| 176|0x0000000726800000, 0x0000000726a00000, 0x0000000726a00000|100%| E|CS|TAMS 0x0000000726800000, 0x0000000726800000| Complete 
| 177|0x0000000726a00000, 0x0000000726c00000, 0x0000000726c00000|100%| E|CS|TAMS 0x0000000726a00000, 0x0000000726a00000| Complete 
| 178|0x0000000726c00000, 0x0000000726e00000, 0x0000000726e00000|100%| E|CS|TAMS 0x0000000726c00000, 0x0000000726c00000| Complete 
| 179|0x0000000726e00000, 0x0000000727000000, 0x0000000727000000|100%| E|CS|TAMS 0x0000000726e00000, 0x0000000726e00000| Complete 
| 180|0x0000000727000000, 0x0000000727200000, 0x0000000727200000|100%| E|CS|TAMS 0x0000000727000000, 0x0000000727000000| Complete 
| 181|0x0000000727200000, 0x0000000727400000, 0x0000000727400000|100%| E|CS|TAMS 0x0000000727200000, 0x0000000727200000| Complete 
| 182|0x0000000727400000, 0x0000000727600000, 0x0000000727600000|100%| E|CS|TAMS 0x0000000727400000, 0x0000000727400000| Complete 

Card table byte_map: [0x00000298f6540000,0x00000298f6cc0000] _byte_map_base: 0x00000298f2cbc000

Marking Bits (Prev, Next): (CMBitMap*) 0x00000298dd7a1ca0, (CMBitMap*) 0x00000298dd7a1ce0
 Prev Bits: [0x00000298f7440000, 0x00000298fb020000)
 Next Bits: [0x00000298fb020000, 0x00000298fec00000)

Polling page: 0x00000298dd530000

Metaspace:

Usage:
  Non-class:     22.69 MB used.
      Class:      2.86 MB used.
       Both:     25.56 MB used.

Virtual space:
  Non-class space:       24.00 MB reserved,      22.81 MB ( 95%) committed,  3 nodes.
      Class space:        1.00 GB reserved,       3.00 MB ( <1%) committed,  1 nodes.
             Both:        1.02 GB reserved,      25.81 MB (  2%) committed. 

Chunk freelists:
   Non-Class:  800.00 KB
       Class:  1.04 MB
        Both:  1.83 MB

MaxMetaspaceSize: unlimited
CompressedClassSpaceSize: 1.00 GB
Initial GC threshold: 21.00 MB
Current GC threshold: 43.06 MB
CDS: on
MetaspaceReclaimPolicy: balanced
 - commit_granule_bytes: 65536.
 - commit_granule_words: 8192.
 - virtual_space_node_default_size: 1048576.
 - enlarge_chunks_in_place: 1.
 - new_chunks_are_fully_committed: 0.
 - uncommit_free_chunks: 1.
 - use_allocation_guard: 0.
 - handle_deallocations: 1.


Internal statistics:

num_allocs_failed_limit: 3.
num_arena_births: 240.
num_arena_deaths: 0.
num_vsnodes_births: 4.
num_vsnodes_deaths: 0.
num_space_committed: 413.
num_space_uncommitted: 0.
num_chunks_returned_to_freelist: 3.
num_chunks_taken_from_freelist: 720.
num_chunk_merges: 0.
num_chunk_splits: 445.
num_chunks_enlarged: 308.
num_purges: 0.
num_inconsistent_stats: 0.

CodeHeap 'non-profiled nmethods': size=120000Kb used=1941Kb max_used=1941Kb free=118058Kb
 bounds [0x00000298ee270000, 0x00000298ee4e0000, 0x00000298f57a0000]
CodeHeap 'profiled nmethods': size=120000Kb used=7939Kb max_used=7939Kb free=112060Kb
 bounds [0x00000298e67a0000, 0x00000298e6f70000, 0x00000298edcd0000]
CodeHeap 'non-nmethods': size=5760Kb used=1408Kb max_used=1442Kb free=4352Kb
 bounds [0x00000298edcd0000, 0x00000298edf40000, 0x00000298ee270000]
 total_blobs=4958 nmethods=4192 adapters=679
 compilation: enabled
              stopped_count=0, restarted_count=0
 full_count=0

Compilation events (20 events):
Event: 24.779 Thread 0x00000298ff243930 4183       4       org.h2.mvstore.Page$NonLeaf::writeChildren (70 bytes)
Event: 24.806 Thread 0x00000298ff243930 nmethod 4183 0x00000298ee44e790 code [0x00000298ee44e960, 0x00000298ee44f038]
Event: 24.817 Thread 0x00000298ff243930 4184       4       org.h2.mvstore.Page$NonLeaf::getChildPagePos (10 bytes)
Event: 24.818 Thread 0x00000298ff243930 nmethod 4184 0x00000298ee44f790 code [0x00000298ee44f900, 0x00000298ee44f9b8]
Event: 24.874 Thread 0x000002988390f300 4185       4       org.h2.mvstore.DataUtils::parseMapValue (120 bytes)
Event: 24.878 Thread 0x00000298ff243930 4186       4       org.h2.mvstore.MVMap::copy (119 bytes)
Event: 24.885 Thread 0x000002988390f300 nmethod 4185 0x00000298ee44fa90 code [0x00000298ee44fc40, 0x00000298ee450328]
Event: 24.905 Thread 0x000002988390f300 4187       4       org.h2.mvstore.Page::getMemory (14 bytes)
Event: 24.905 Thread 0x000002988390f300 nmethod 4187 0x00000298ee450810 code [0x00000298ee450980, 0x00000298ee450a18]
Event: 24.938 Thread 0x00000298ff2443d0 4188 % !   3       java.lang.ref.Finalizer$FinalizerThread::run @ 34 (56 bytes)
Event: 24.939 Thread 0x00000298ff2443d0 nmethod 4188% 0x00000298e6f5e410 code [0x00000298e6f5e660, 0x00000298e6f5f0c8]
Event: 24.939 Thread 0x00000298ff2443d0 4189   !   3       java.lang.ref.Finalizer$FinalizerThread::run (56 bytes)
Event: 24.940 Thread 0x00000298ff2443d0 nmethod 4189 0x00000298e6f5f490 code [0x00000298e6f5f6e0, 0x00000298e6f60128]
Event: 24.958 Thread 0x000002988390f300 4190       4       org.h2.mvstore.MVMap::getChildPageCount (5 bytes)
Event: 24.959 Thread 0x000002988390f300 nmethod 4190 0x00000298ee450b10 code [0x00000298ee450ca0, 0x00000298ee450d78]
Event: 24.989 Thread 0x00000298ff243930 nmethod 4186 0x00000298ee450e90 code [0x00000298ee4511e0, 0x00000298ee4538c0]
Event: 24.994 Thread 0x00000298ff243930 4191       4       org.h2.mvstore.DataUtils::writeStringData (117 bytes)
Event: 25.008 Thread 0x00000298ff243930 nmethod 4191 0x00000298ee454e10 code [0x00000298ee454fa0, 0x00000298ee455558]
Event: 25.010 Thread 0x00000298ff2443d0 4192       3       java.util.concurrent.atomic.AtomicIntegerFieldUpdater$AtomicIntegerFieldUpdaterImpl::getAndAdd (18 bytes)
Event: 25.010 Thread 0x00000298ff2443d0 nmethod 4192 0x00000298e6f60510 code [0x00000298e6f606c0, 0x00000298e6f60908]

GC Heap History (20 events):
Event: 4.287 GC heap before
{Heap before GC invocations=4 (full 0):
 garbage-first heap   total 245760K, used 32181K [0x0000000710800000, 0x0000000800000000)
  region size 2048K, 12 young (24576K), 8 survivors (16384K)
 Metaspace       used 21246K, committed 21504K, reserved 1073152K
  class space    used 2412K, committed 2560K, reserved 1048576K
}
Event: 4.302 GC heap after
{Heap after GC invocations=5 (full 0):
 garbage-first heap   total 245760K, used 28317K [0x0000000710800000, 0x0000000800000000)
  region size 2048K, 2 young (4096K), 2 survivors (4096K)
 Metaspace       used 21246K, committed 21504K, reserved 1073152K
  class space    used 2412K, committed 2560K, reserved 1048576K
}
Event: 13.708 GC heap before
{Heap before GC invocations=6 (full 0):
 garbage-first heap   total 116736K, used 85661K [0x0000000710800000, 0x0000000800000000)
  region size 2048K, 27 young (55296K), 2 survivors (4096K)
 Metaspace       used 25813K, committed 26112K, reserved 1073152K
  class space    used 2904K, committed 3072K, reserved 1048576K
}
Event: 13.766 GC heap after
{Heap after GC invocations=7 (full 0):
 garbage-first heap   total 116736K, used 55871K [0x0000000710800000, 0x0000000800000000)
  region size 2048K, 4 young (8192K), 4 survivors (8192K)
 Metaspace       used 25813K, committed 26112K, reserved 1073152K
  class space    used 2904K, committed 3072K, reserved 1048576K
}
Event: 13.918 GC heap before
{Heap before GC invocations=7 (full 0):
 garbage-first heap   total 116736K, used 57919K [0x0000000710800000, 0x0000000800000000)
  region size 2048K, 5 young (10240K), 4 survivors (8192K)
 Metaspace       used 25814K, committed 26112K, reserved 1073152K
  class space    used 2904K, committed 3072K, reserved 1048576K
}
Event: 13.938 GC heap after
{Heap after GC invocations=8 (full 0):
 garbage-first heap   total 116736K, used 59113K [0x0000000710800000, 0x0000000800000000)
  region size 2048K, 1 young (2048K), 1 survivors (2048K)
 Metaspace       used 25814K, committed 26112K, reserved 1073152K
  class space    used 2904K, committed 3072K, reserved 1048576K
}
Event: 15.600 GC heap before
{Heap before GC invocations=8 (full 0):
 garbage-first heap   total 116736K, used 81641K [0x0000000710800000, 0x0000000800000000)
  region size 2048K, 12 young (24576K), 1 survivors (2048K)
 Metaspace       used 25818K, committed 26112K, reserved 1073152K
  class space    used 2904K, committed 3072K, reserved 1048576K
}
Event: 15.635 GC heap after
{Heap after GC invocations=9 (full 0):
 garbage-first heap   total 116736K, used 71189K [0x0000000710800000, 0x0000000800000000)
  region size 2048K, 2 young (4096K), 2 survivors (4096K)
 Metaspace       used 25818K, committed 26112K, reserved 1073152K
  class space    used 2904K, committed 3072K, reserved 1048576K
}
Event: 16.079 GC heap before
{Heap before GC invocations=10 (full 0):
 garbage-first heap   total 116736K, used 69141K [0x0000000710800000, 0x0000000800000000)
  region size 2048K, 5 young (10240K), 2 survivors (4096K)
 Metaspace       used 25818K, committed 26112K, reserved 1073152K
  class space    used 2904K, committed 3072K, reserved 1048576K
}
Event: 16.099 GC heap after
{Heap after GC invocations=11 (full 0):
 garbage-first heap   total 116736K, used 69070K [0x0000000710800000, 0x0000000800000000)
  region size 2048K, 2 young (4096K), 2 survivors (4096K)
 Metaspace       used 25818K, committed 26112K, reserved 1073152K
  class space    used 2904K, committed 3072K, reserved 1048576K
}
Event: 24.150 GC heap before
{Heap before GC invocations=12 (full 0):
 garbage-first heap   total 133120K, used 89550K [0x0000000710800000, 0x0000000800000000)
  region size 2048K, 9 young (18432K), 2 survivors (4096K)
 Metaspace       used 26152K, committed 26432K, reserved 1073152K
  class space    used 2930K, committed 3072K, reserved 1048576K
}
Event: 24.180 GC heap after
{Heap after GC invocations=13 (full 0):
 garbage-first heap   total 133120K, used 81764K [0x0000000710800000, 0x0000000800000000)
  region size 2048K, 2 young (4096K), 2 survivors (4096K)
 Metaspace       used 26152K, committed 26432K, reserved 1073152K
  class space    used 2930K, committed 3072K, reserved 1048576K
}
Event: 24.222 GC heap before
{Heap before GC invocations=13 (full 0):
 garbage-first heap   total 133120K, used 87908K [0x0000000710800000, 0x0000000800000000)
  region size 2048K, 6 young (12288K), 2 survivors (4096K)
 Metaspace       used 26160K, committed 26432K, reserved 1073152K
  class space    used 2930K, committed 3072K, reserved 1048576K
}
Event: 24.236 GC heap after
{Heap after GC invocations=14 (full 0):
 garbage-first heap   total 133120K, used 85408K [0x0000000710800000, 0x0000000800000000)
  region size 2048K, 2 young (4096K), 2 survivors (4096K)
 Metaspace       used 26160K, committed 26432K, reserved 1073152K
  class space    used 2930K, committed 3072K, reserved 1048576K
}
Event: 24.608 GC heap before
{Heap before GC invocations=15 (full 0):
 garbage-first heap   total 153600K, used 87456K [0x0000000710800000, 0x0000000800000000)
  region size 2048K, 8 young (16384K), 2 survivors (4096K)
 Metaspace       used 26166K, committed 26432K, reserved 1073152K
  class space    used 2930K, committed 3072K, reserved 1048576K
}
Event: 24.612 GC heap after
{Heap after GC invocations=16 (full 0):
 garbage-first heap   total 153600K, used 77824K [0x0000000710800000, 0x0000000800000000)
  region size 2048K, 1 young (2048K), 1 survivors (2048K)
 Metaspace       used 26166K, committed 26432K, reserved 1073152K
  class space    used 2930K, committed 3072K, reserved 1048576K
}
Event: 24.783 GC heap before
{Heap before GC invocations=16 (full 0):
 garbage-first heap   total 153600K, used 79872K [0x0000000710800000, 0x0000000800000000)
  region size 2048K, 3 young (6144K), 1 survivors (2048K)
 Metaspace       used 26166K, committed 26432K, reserved 1073152K
  class space    used 2930K, committed 3072K, reserved 1048576K
}
Event: 24.796 GC heap after
{Heap after GC invocations=17 (full 0):
 garbage-first heap   total 153600K, used 67092K [0x0000000710800000, 0x0000000800000000)
  region size 2048K, 1 young (2048K), 1 survivors (2048K)
 Metaspace       used 26166K, committed 26432K, reserved 1073152K
  class space    used 2930K, committed 3072K, reserved 1048576K
}
Event: 24.830 GC heap before
{Heap before GC invocations=17 (full 0):
 garbage-first heap   total 153600K, used 71188K [0x0000000710800000, 0x0000000800000000)
  region size 2048K, 3 young (6144K), 1 survivors (2048K)
 Metaspace       used 26166K, committed 26432K, reserved 1073152K
  class space    used 2930K, committed 3072K, reserved 1048576K
}
Event: 24.856 GC heap after
{Heap after GC invocations=18 (full 0):
 garbage-first heap   total 374784K, used 62037K [0x0000000710800000, 0x0000000800000000)
  region size 2048K, 1 young (2048K), 1 survivors (2048K)
 Metaspace       used 26166K, committed 26432K, reserved 1073152K
  class space    used 2930K, committed 3072K, reserved 1048576K
}

Deoptimization events (20 events):
Event: 24.699 Thread 0x00000298ff2260c0 Uncommon trap: trap_request=0xffffff45 fr.pc=0x00000298ee441a4c relative=0x000000000000080c
Event: 24.699 Thread 0x00000298ff2260c0 Uncommon trap: reason=unstable_if action=reinterpret pc=0x00000298ee441a4c method=java.lang.ref.Reference.processPendingReferences()V @ 28 c2
Event: 24.699 Thread 0x00000298ff2260c0 DEOPT PACKING pc=0x00000298ee441a4c sp=0x000000a9c24ff750
Event: 24.699 Thread 0x00000298ff2260c0 DEOPT UNPACKING pc=0x00000298edd223a3 sp=0x000000a9c24ff6f8 mode 2
Event: 24.816 Thread 0x00000298838cd510 Uncommon trap: trap_request=0xffffffbe fr.pc=0x00000298ee43ddd0 relative=0x0000000000002370
Event: 24.816 Thread 0x00000298838cd510 Uncommon trap: reason=profile_predicate action=maybe_recompile pc=0x00000298ee43ddd0 method=org.h2.mvstore.MVMap.copy(Lorg/h2/mvstore/Page;Lorg/h2/mvstore/Page;I)V @ 49 c2
Event: 24.816 Thread 0x00000298838cd510 DEOPT PACKING pc=0x00000298ee43ddd0 sp=0x000000a9c3dfebb0
Event: 24.816 Thread 0x00000298838cd510 DEOPT UNPACKING pc=0x00000298edd223a3 sp=0x000000a9c3dfeb20 mode 2
Event: 24.863 Thread 0x00000298838cd510 Uncommon trap: trap_request=0xffffffbe fr.pc=0x00000298ee43ddd0 relative=0x0000000000002370
Event: 24.863 Thread 0x00000298838cd510 Uncommon trap: reason=profile_predicate action=maybe_recompile pc=0x00000298ee43ddd0 method=org.h2.mvstore.MVMap.copy(Lorg/h2/mvstore/Page;Lorg/h2/mvstore/Page;I)V @ 49 c2
Event: 24.863 Thread 0x00000298838cd510 DEOPT PACKING pc=0x00000298ee43ddd0 sp=0x000000a9c3dfebb0
Event: 24.863 Thread 0x00000298838cd510 DEOPT UNPACKING pc=0x00000298edd223a3 sp=0x000000a9c3dfeb20 mode 2
Event: 24.874 Thread 0x00000298838cd510 Uncommon trap: trap_request=0xffffffbe fr.pc=0x00000298ee43ddd0 relative=0x0000000000002370
Event: 24.874 Thread 0x00000298838cd510 Uncommon trap: reason=profile_predicate action=maybe_recompile pc=0x00000298ee43ddd0 method=org.h2.mvstore.MVMap.copy(Lorg/h2/mvstore/Page;Lorg/h2/mvstore/Page;I)V @ 49 c2
Event: 24.874 Thread 0x00000298838cd510 DEOPT PACKING pc=0x00000298ee43ddd0 sp=0x000000a9c3dfebb0
Event: 24.874 Thread 0x00000298838cd510 DEOPT UNPACKING pc=0x00000298edd223a3 sp=0x000000a9c3dfeb20 mode 2
Event: 25.015 Thread 0x00000298ff227210 Uncommon trap: trap_request=0xffffffde fr.pc=0x00000298ee444234 relative=0x0000000000000574
Event: 25.015 Thread 0x00000298ff227210 Uncommon trap: reason=class_check action=maybe_recompile pc=0x00000298ee444234 method=java.lang.System$2.invokeFinalize(Ljava/lang/Object;)V @ 1 c2
Event: 25.015 Thread 0x00000298ff227210 DEOPT PACKING pc=0x00000298ee444234 sp=0x000000a9c25ff560
Event: 25.015 Thread 0x00000298ff227210 DEOPT UNPACKING pc=0x00000298edd223a3 sp=0x000000a9c25ff4a8 mode 2

Classes unloaded (0 events):
No events

Classes redefined (0 events):
No events

Internal exceptions (20 events):
Event: 3.144 Thread 0x00000298dd73a8c0 Exception <a 'sun/nio/fs/WindowsException'{0x0000000719b49940}> (0x0000000719b49940) 
thrown [s\open\src\hotspot\share\prims\jni.cpp, line 516]
Event: 3.145 Thread 0x00000298dd73a8c0 Exception <a 'sun/nio/fs/WindowsException'{0x0000000719b4d358}> (0x0000000719b4d358) 
thrown [s\open\src\hotspot\share\prims\jni.cpp, line 516]
Event: 4.001 Thread 0x00000298dd73a8c0 Exception <a 'java/lang/NoSuchMethodError'{0x000000071f4d1470}: 'java.lang.Object java.lang.invoke.DirectMethodHandle$Holder.invokeStaticInit(java.lang.Object, int, int, int, int)'> (0x000000071f4d1470) 
thrown [s\open\src\hotspot\share\interpreter\linkResolver.cpp, line 759]
Event: 4.050 Thread 0x00000298834329e0 Exception <a 'java/lang/ClassNotFoundException'{0x000000071f417878}: com/sun/swing/internal/plaf/metal/resources/spi/metalProvider> (0x000000071f417878) 
thrown [s\open\src\hotspot\share\classfile\systemDictionary.cpp, line 256]
Event: 4.051 Thread 0x00000298834329e0 Exception <a 'java/lang/ClassNotFoundException'{0x000000071f41b6a0}: com/sun/swing/internal/plaf/basic/resources/spi/basicProvider> (0x000000071f41b6a0) 
thrown [s\open\src\hotspot\share\classfile\systemDictionary.cpp, line 256]
Event: 4.129 Thread 0x00000298dd73a8c0 Exception <a 'java/lang/NoSuchMethodError'{0x000000071f2873a0}: 'java.lang.Object java.lang.invoke.DirectMethodHandle$Holder.invokeStaticInit(java.lang.Object, java.lang.Object, int, int, int, int)'> (0x000000071f2873a0) 
thrown [s\open\src\hotspot\share\interpreter\linkResolver.cpp, line 759]
Event: 4.166 Thread 0x0000029882103800 Exception <a 'java/lang/NoSuchMethodError'{0x000000071f588b70}: 'void java.lang.invoke.DirectMethodHandle$Holder.invokeVirtual(java.lang.Object, java.lang.Object)'> (0x000000071f588b70) 
thrown [s\open\src\hotspot\share\interpreter\linkResolver.cpp, line 759]
Event: 4.185 Thread 0x00000298834329e0 Exception <a 'java/lang/NoSuchMethodError'{0x000000071f01c090}: 'void java.lang.invoke.DirectMethodHandle$Holder.invokeStaticInit(java.lang.Object)'> (0x000000071f01c090) 
thrown [s\open\src\hotspot\share\interpreter\linkResolver.cpp, line 759]
Event: 4.350 Thread 0x00000298838ce380 Exception <a 'java/lang/NoSuchMethodError'{0x000000071f4ee8a0}: 'java.lang.Object java.lang.invoke.DirectMethodHandle$Holder.newInvokeSpecial(java.lang.Object, java.lang.Object, java.lang.Object, int, int, int, int, int)'> (0x000000071f4ee8a0) 
thrown [s\open\src\hotspot\share\interpreter\linkResolver.cpp, line 759]
Event: 6.516 Thread 0x00000298834329e0 Exception <a 'java/lang/NoSuchMethodError'{0x0000000716f56900}: static Lua/gaponov/posterminal/documents/orders/Order;.<clinit>()V> (0x0000000716f56900) 
thrown [s\open\src\hotspot\share\prims\jni.cpp, line 1107]
Event: 6.524 Thread 0x00000298834329e0 Exception <a 'java/lang/NoSuchMethodError'{0x0000000716c4d028}: static Lua/gaponov/posterminal/documents/orders/OrderDetail;.<clinit>()V> (0x0000000716c4d028) 
thrown [s\open\src\hotspot\share\prims\jni.cpp, line 1107]
Event: 6.529 Thread 0x00000298834329e0 Exception <a 'java/lang/NoSuchMethodError'{0x0000000716c5c258}: static Lua/gaponov/posterminal/products/Product;.<clinit>()V> (0x0000000716c5c258) 
thrown [s\open\src\hotspot\share\prims\jni.cpp, line 1107]
Event: 6.531 Thread 0x00000298834329e0 Exception <a 'java/lang/NoSuchMethodError'{0x0000000716c68a60}: static Lua/gaponov/posterminal/organization/Organization;.<clinit>()V> (0x0000000716c68a60) 
thrown [s\open\src\hotspot\share\prims\jni.cpp, line 1107]
Event: 7.820 Thread 0x00000298834329e0 Exception <a 'java/lang/NoSuchMethodError'{0x0000000716aa43b8}: 'int java.lang.invoke.DirectMethodHandle$Holder.invokeStatic(java.lang.Object)'> (0x0000000716aa43b8) 
thrown [s\open\src\hotspot\share\interpreter\linkResolver.cpp, line 759]
Event: 24.143 Thread 0x00000298838cd510 Exception <a 'sun/nio/fs/WindowsException'{0x0000000717bb6360}> (0x0000000717bb6360) 
thrown [s\open\src\hotspot\share\prims\jni.cpp, line 516]
Event: 24.144 Thread 0x00000298838cd510 Exception <a 'sun/nio/fs/WindowsException'{0x0000000717bb69d0}> (0x0000000717bb69d0) 
thrown [s\open\src\hotspot\share\prims\jni.cpp, line 516]
Event: 24.144 Thread 0x00000298838cd510 Exception <a 'sun/nio/fs/WindowsException'{0x0000000717bb6f18}> (0x0000000717bb6f18) 
thrown [s\open\src\hotspot\share\prims\jni.cpp, line 516]
Event: 24.144 Thread 0x00000298838cd510 Exception <a 'sun/nio/fs/WindowsException'{0x0000000717bb71f8}> (0x0000000717bb71f8) 
thrown [s\open\src\hotspot\share\prims\jni.cpp, line 516]
Event: 24.150 Thread 0x00000298838cd510 Exception <a 'sun/nio/fs/WindowsException'{0x0000000717bc39e8}> (0x0000000717bc39e8) 
thrown [s\open\src\hotspot\share\prims\jni.cpp, line 516]
Event: 24.699 Thread 0x00000298ff2260c0 Implicit null exception at 0x00000298ee44139a to 0x00000298ee441a3c

VM Operations (20 events):
Event: 21.858 Executing VM operation: Cleanup
Event: 21.858 Executing VM operation: Cleanup done
Event: 22.859 Executing VM operation: Cleanup
Event: 22.859 Executing VM operation: Cleanup done
Event: 23.862 Executing VM operation: Cleanup
Event: 23.862 Executing VM operation: Cleanup done
Event: 24.150 Executing VM operation: G1CollectForAllocation
Event: 24.180 Executing VM operation: G1CollectForAllocation done
Event: 24.221 Executing VM operation: G1TryInitiateConcMark
Event: 24.236 Executing VM operation: G1TryInitiateConcMark done
Event: 24.481 Executing VM operation: G1Concurrent
Event: 24.530 Executing VM operation: G1Concurrent done
Event: 24.604 Executing VM operation: G1Concurrent
Event: 24.604 Executing VM operation: G1Concurrent done
Event: 24.608 Executing VM operation: G1CollectForAllocation
Event: 24.612 Executing VM operation: G1CollectForAllocation done
Event: 24.783 Executing VM operation: G1CollectForAllocation
Event: 24.804 Executing VM operation: G1CollectForAllocation done
Event: 24.830 Executing VM operation: G1CollectForAllocation
Event: 24.856 Executing VM operation: G1CollectForAllocation done

Events (20 events):
Event: 23.940 Thread 0x00000298838d0530 Thread added: 0x00000298838d0530
Event: 23.940 Thread 0x00000298838ce380 Thread added: 0x00000298838ce380
Event: 23.940 loading class java/util/WeakHashMap$KeyIterator
Event: 23.940 loading class java/util/WeakHashMap$HashIterator
Event: 23.940 Thread 0x00000298838cb830 Thread exited: 0x00000298838cb830
Event: 23.940 Thread 0x00000298838cb360 Thread exited: 0x00000298838cb360
Event: 23.941 loading class java/util/WeakHashMap$HashIterator done
Event: 23.941 loading class java/util/WeakHashMap$KeyIterator done
Event: 23.941 Thread 0x00000298838cd9e0 Thread exited: 0x00000298838cd9e0
Event: 23.942 Thread 0x00000298838cf6c0 Thread added: 0x00000298838cf6c0
Event: 23.942 Thread 0x00000298838ce380 Thread exited: 0x00000298838ce380
Event: 23.970 Thread 0x0000029882103800 Thread exited: 0x0000029882103800
Event: 24.049 Thread 0x00000298838d0530 Thread exited: 0x00000298838d0530
Event: 24.144 Thread 0x0000029883431b70 Thread exited: 0x0000029883431b70
Event: 24.145 Thread 0x0000029883432eb0 Thread exited: 0x0000029883432eb0
Event: 24.145 Thread 0x0000029883435060 Thread exited: 0x0000029883435060
Event: 24.149 Thread 0x00000298838cb360 Thread added: 0x00000298838cb360
Event: 24.196 Thread 0x00000298838cb360 Thread exited: 0x00000298838cb360
Event: 24.196 Thread 0x000002988390f300 Thread added: 0x000002988390f300
Event: 24.985 Thread 0x00000298838cf6c0 Thread exited: 0x00000298838cf6c0


Dynamic libraries:
0x00007ff650990000 - 0x00007ff6509a0000 	C:\Program Files\Java\jdk-17\bin\java.exe
0x00007ff96e4f0000 - 0x00007ff96e6e8000 	C:\Windows\SYSTEM32\ntdll.dll
0x00007ff9548a0000 - 0x00007ff9548b9000 	C:\Program Files\Avast Software\Avast\aswhook.dll
0x00007ff96cd50000 - 0x00007ff96ce0f000 	C:\Windows\System32\KERNEL32.DLL
0x00007ff96bcf0000 - 0x00007ff96bfe6000 	C:\Windows\System32\KERNELBASE.dll
0x00007ff96c450000 - 0x00007ff96c550000 	C:\Windows\System32\ucrtbase.dll
0x00007ff9559f0000 - 0x00007ff955a08000 	C:\Program Files\Java\jdk-17\bin\jli.dll
0x00007ff9557a0000 - 0x00007ff9557bb000 	C:\Program Files\Java\jdk-17\bin\VCRUNTIME140.dll
0x00007ff96d680000 - 0x00007ff96d72f000 	C:\Windows\System32\ADVAPI32.dll
0x00007ff96cbd0000 - 0x00007ff96cc6e000 	C:\Windows\System32\msvcrt.dll
0x00007ff96d120000 - 0x00007ff96d1bc000 	C:\Windows\System32\sechost.dll
0x00007ff96c700000 - 0x00007ff96c826000 	C:\Windows\System32\RPCRT4.dll
0x00007ff96cf80000 - 0x00007ff96d11d000 	C:\Windows\System32\USER32.dll
0x00007ff96c0a0000 - 0x00007ff96c0c2000 	C:\Windows\System32\win32u.dll
0x00007ff96e470000 - 0x00007ff96e49c000 	C:\Windows\System32\GDI32.dll
0x00007ff9532c0000 - 0x00007ff95355a000 	C:\Windows\WinSxS\amd64_microsoft.windows.common-controls_6595b64144ccf1df_6.0.19041.1110_none_60b5254171f9507e\COMCTL32.dll
0x00007ff96bbd0000 - 0x00007ff96bce5000 	C:\Windows\System32\gdi32full.dll
0x00007ff96c0d0000 - 0x00007ff96c16d000 	C:\Windows\System32\msvcp_win.dll
0x00007ff964a80000 - 0x00007ff964a8a000 	C:\Windows\SYSTEM32\VERSION.dll
0x00007ff96d2f0000 - 0x00007ff96d320000 	C:\Windows\System32\IMM32.DLL
0x00007ff9603e0000 - 0x00007ff9603ec000 	C:\Program Files\Java\jdk-17\bin\vcruntime140_1.dll
0x00007ff939d70000 - 0x00007ff939dfe000 	C:\Program Files\Java\jdk-17\bin\msvcp140.dll
0x00007ff8c1020000 - 0x00007ff8c1bf7000 	C:\Program Files\Java\jdk-17\bin\server\jvm.dll
0x00007ff96cf00000 - 0x00007ff96cf08000 	C:\Windows\System32\PSAPI.DLL
0x00007ff95aa70000 - 0x00007ff95aa79000 	C:\Windows\SYSTEM32\WSOCK32.dll
0x00007ff96cf10000 - 0x00007ff96cf7b000 	C:\Windows\System32\WS2_32.dll
0x00007ff961cd0000 - 0x00007ff961cf7000 	C:\Windows\SYSTEM32\WINMM.dll
0x00007ff969ab0000 - 0x00007ff969ac2000 	C:\Windows\SYSTEM32\kernel.appcore.dll
0x00007ff9603d0000 - 0x00007ff9603da000 	C:\Program Files\Java\jdk-17\bin\jimage.dll
0x00007ff963ef0000 - 0x00007ff9640d4000 	C:\Windows\SYSTEM32\DBGHELP.DLL
0x00007ff963e90000 - 0x00007ff963ec4000 	C:\Windows\SYSTEM32\dbgcore.DLL
0x00007ff96c1f0000 - 0x00007ff96c272000 	C:\Windows\System32\bcryptPrimitives.dll
0x00007ff963e80000 - 0x00007ff963e8e000 	C:\Program Files\Java\jdk-17\bin\instrument.dll
0x00007ff95e190000 - 0x00007ff95e1b5000 	C:\Program Files\Java\jdk-17\bin\java.dll
0x00007ff939520000 - 0x00007ff9395f7000 	C:\Program Files\Java\jdk-17\bin\jsvml.dll
0x00007ff96dd20000 - 0x00007ff96e464000 	C:\Windows\System32\SHELL32.dll
0x00007ff969cb0000 - 0x00007ff96a443000 	C:\Windows\SYSTEM32\windows.storage.dll
0x00007ff96d320000 - 0x00007ff96d674000 	C:\Windows\System32\combase.dll
0x00007ff96b630000 - 0x00007ff96b65e000 	C:\Windows\SYSTEM32\Wldp.dll
0x00007ff96d1c0000 - 0x00007ff96d26d000 	C:\Windows\System32\SHCORE.dll
0x00007ff96d290000 - 0x00007ff96d2e5000 	C:\Windows\System32\shlwapi.dll
0x00007ff96bb10000 - 0x00007ff96bb2f000 	C:\Windows\SYSTEM32\profapi.dll
0x00007ff955c00000 - 0x00007ff955c18000 	C:\Program Files\Java\jdk-17\bin\zip.dll
0x00007ff95e170000 - 0x00007ff95e189000 	C:\Program Files\Java\jdk-17\bin\net.dll
0x00007ff964ff0000 - 0x00007ff9650fa000 	C:\Windows\SYSTEM32\WINHTTP.dll
0x00007ff96b390000 - 0x00007ff96b3fa000 	C:\Windows\system32\mswsock.dll
0x00007ff955c20000 - 0x00007ff955c36000 	C:\Program Files\Java\jdk-17\bin\nio.dll
0x00007ff963ae0000 - 0x00007ff963afa000 	C:\Program Files\JetBrains\IntelliJ IDEA Community Edition 2022.2.3\bin\breakgen64.dll
0x00007ff955950000 - 0x00007ff955960000 	C:\Program Files\Java\jdk-17\bin\verify.dll
0x00007ff954fa0000 - 0x00007ff955131000 	C:\Program Files\Java\jdk-17\bin\awt.dll
0x00007ff96d730000 - 0x00007ff96d7fd000 	C:\Windows\System32\OLEAUT32.dll
0x00007ff969400000 - 0x00007ff969491000 	C:\Windows\SYSTEM32\apphelp.dll
0x00007ff9695c0000 - 0x00007ff96965e000 	C:\Windows\system32\uxtheme.dll
0x00007ff96c920000 - 0x00007ff96ca34000 	C:\Windows\System32\MSCTF.dll
0x00007ff96caa0000 - 0x00007ff96cbca000 	C:\Windows\System32\ole32.dll
0x00007ff9697c0000 - 0x00007ff9697ef000 	C:\Windows\system32\DWMAPI.DLL
0x00007ff963e70000 - 0x00007ff963e7a000 	C:\Program Files\Java\jdk-17\bin\management.dll
0x00007ff963a40000 - 0x00007ff963a4b000 	C:\Program Files\Java\jdk-17\bin\management_ext.dll
0x00007ff96b030000 - 0x00007ff96b06c000 	C:\Windows\SYSTEM32\IPHLPAPI.DLL
0x00007ff96cef0000 - 0x00007ff96cef8000 	C:\Windows\System32\NSI.dll
0x00007ff915670000 - 0x00007ff915795000 	C:\Windows\system32\opengl32.dll
0x00007ff915640000 - 0x00007ff91566c000 	C:\Windows\SYSTEM32\GLU32.dll
0x00007ff965b30000 - 0x00007ff965b47000 	C:\Windows\SYSTEM32\dhcpcsvc6.DLL
0x00007ff9656e0000 - 0x00007ff9656fd000 	C:\Windows\SYSTEM32\dhcpcsvc.DLL
0x00007ff96b070000 - 0x00007ff96b13b000 	C:\Windows\SYSTEM32\DNSAPI.dll
0x00007ff966d30000 - 0x00007ff966d6b000 	C:\Windows\SYSTEM32\dxcore.dll
0x00007ff96c170000 - 0x00007ff96c1be000 	C:\Windows\System32\cfgmgr32.dll
0x00007ff954be0000 - 0x00007ff954bed000 	C:\Program Files\Java\jdk-17\bin\sunmscapi.dll
0x00007ff96c2f0000 - 0x00007ff96c44e000 	C:\Windows\System32\CRYPT32.dll
0x00007ff96b6a0000 - 0x00007ff96b6c8000 	C:\Windows\SYSTEM32\ncrypt.dll
0x00007ff96b660000 - 0x00007ff96b69b000 	C:\Windows\SYSTEM32\NTASN1.dll
0x00007ff952ee0000 - 0x00007ff952ee7000 	C:\Windows\system32\wshunix.dll
0x00007ff96b580000 - 0x00007ff96b598000 	C:\Windows\SYSTEM32\CRYPTSP.dll
0x00007ff96ac40000 - 0x00007ff96ac74000 	C:\Windows\system32\rsaenh.dll
0x00007ff96c1c0000 - 0x00007ff96c1e7000 	C:\Windows\System32\bcrypt.dll
0x00007ff96bad0000 - 0x00007ff96bafe000 	C:\Windows\SYSTEM32\USERENV.dll
0x00007ff96b5a0000 - 0x00007ff96b5ac000 	C:\Windows\SYSTEM32\CRYPTBASE.dll
0x00007ff955af0000 - 0x00007ff955b76000 	C:\Program Files\Java\jdk-17\bin\freetype.dll
0x00007ff953ef0000 - 0x00007ff953fb5000 	C:\Program Files\Java\jdk-17\bin\fontmanager.dll
0x00007ff96dc70000 - 0x00007ff96dd19000 	C:\Windows\System32\clbcatq.dll
0x00007ff961df0000 - 0x00007ff961fa4000 	C:\Windows\SYSTEM32\WindowsCodecs.dll
0x00007ff95e370000 - 0x00007ff95e46a000 	C:\Windows\SYSTEM32\textinputframework.dll
0x00007ff9691c0000 - 0x00007ff9692b2000 	C:\Windows\System32\CoreMessaging.dll
0x00007ff968e60000 - 0x00007ff9691be000 	C:\Windows\System32\CoreUIComponents.dll
0x00007ff968790000 - 0x00007ff9688e4000 	C:\Windows\SYSTEM32\wintypes.dll
0x00007ff96ad60000 - 0x00007ff96ad93000 	C:\Windows\SYSTEM32\ntmarta.dll
0x00007ff9567d0000 - 0x00007ff956804000 	C:\Users\wmcon\AppData\Local\Temp\jSerialComm\2.9.3\jSerialComm.dll
0x00007ff96d800000 - 0x00007ff96dc68000 	C:\Windows\System32\SETUPAPI.dll
0x00007ff96b980000 - 0x00007ff96b9ac000 	C:\Windows\SYSTEM32\DEVOBJ.dll
0x00007ff96c280000 - 0x00007ff96c2e7000 	C:\Windows\System32\WINTRUST.dll
0x00007ff96b7c0000 - 0x00007ff96b7d2000 	C:\Windows\SYSTEM32\MSASN1.dll
0x00007ff956250000 - 0x00007ff95628d000 	C:\Users\wmcon\Documents\NetBeansProjects\posteminal\jacob-1.20-x64.dll
0x00007ff96b9e0000 - 0x00007ff96ba82000 	C:\Windows\SYSTEM32\sxs.dll

dbghelp: loaded successfully - version: 4.0.5 - missing functions: none
symbol engine: initialized successfully - sym options: 0x614 - pdb path: .;C:\Program Files\Java\jdk-17\bin;C:\Windows\SYSTEM32;C:\Program Files\Avast Software\Avast;C:\Windows\WinSxS\amd64_microsoft.windows.common-controls_6595b64144ccf1df_6.0.19041.1110_none_60b5254171f9507e;C:\Program Files\Java\jdk-17\bin\server;C:\Program Files\JetBrains\IntelliJ IDEA Community Edition 2022.2.3\bin;C:\Windows\System32\DriverStore\FileRepository\u0360470.inf_amd64_35c64671e7fac064\B360357;C:\Users\wmcon\AppData\Local\Temp\jSerialComm\2.9.3;C:\Users\wmcon\Documents\NetBeansProjects\posteminal

VM Arguments:
jvm_args: -javaagent:C:\Program Files\JetBrains\IntelliJ IDEA Community Edition 2022.2.3\lib\idea_rt.jar=53614:C:\Program Files\JetBrains\IntelliJ IDEA Community Edition 2022.2.3\bin -Dfile.encoding=UTF-8 
java_command: ua.gaponov.posterminal.PosTerminal
java_class_path (initial): C:\Users\wmcon\Documents\NetBeansProjects\posteminal\target\classes;C:\Users\wmcon\.m2\repository\org\flywaydb\flyway-core\9.16.3\flyway-core-9.16.3.jar;C:\Users\wmcon\.m2\repository\com\fasterxml\jackson\dataformat\jackson-dataformat-toml\2.14.0\jackson-dataformat-toml-2.14.0.jar;C:\Users\wmcon\.m2\repository\org\apache\commons\commons-text\1.10.0\commons-text-1.10.0.jar;C:\Users\wmcon\.m2\repository\org\apache\commons\commons-lang3\3.12.0\commons-lang3-3.12.0.jar;C:\Users\wmcon\.m2\repository\org\apache\commons\commons-dbcp2\2.9.0\commons-dbcp2-2.9.0.jar;C:\Users\wmcon\.m2\repository\org\apache\commons\commons-pool2\2.10.0\commons-pool2-2.10.0.jar;C:\Users\wmcon\.m2\repository\commons-logging\commons-logging\1.2\commons-logging-1.2.jar;C:\Users\wmcon\.m2\repository\com\h2database\h2\2.1.214\h2-2.1.214.jar;C:\Users\wmcon\.m2\repository\com\google\code\gson\gson\2.10.1\gson-2.10.1.jar;C:\Users\wmcon\.m2\repository\com\fasterxml\jackson\dataformat\jackson-dataformat-xml\2.14.0\jackson-dataformat-xml-2.14.0.jar;C:\Users\wmcon\.m2\repository\com\fasterxml\jackson\core\jackson-core\2.14.0\jackson-core-2.14.0.jar;C:\Users\wmcon\.m2\repository\com\fasterxml\jackson\core\jackson-annotations\2.14.0\jackson-annotations-2.14.0.jar;C:\Users\wmcon\.m2\repository\com\fasterxml\jackson\core\jackson-databind\2.14.0\jackson-databind-2.14.0.jar;C:\Users\wmcon\.m2\repository\org\codehaus\woodstox\stax2-api\4.2.1\stax2-api-4.2.1.jar;C:\Users\wmcon\.m2\repository\com\fasterxml\woodstox\woodstox-core\6.4.0\woodstox-core-6.4.0.jar;C:\Users\wmcon\.m2\repository\com\fasterxml\jackson\datatype\jackson-datatype-jsr310\2.13.4\jackson-datatype-jsr310-2.13.4.jar;C:\Users\wmcon\.m2\repository\jakarta\xml\bind\jakarta.xml.bind-api\4.0.0\jakarta.xml.bind-api-4.0.0.jar;C:\Users\wmcon\.m2\repository\jakarta\activation\jakarta.activation-api\2.1.0\jakarta.activation-api-2.1.0.jar;C:\Users\wmcon\.m2\repository\com\fazecast\jSerialComm\2.9.3\jSerialComm-2.9.3.jar;C:\Users\w
Launcher Type: SUN_STANDARD

[Global flags]
     intx CICompilerCount                          = 3                                         {product} {ergonomic}
     uint ConcGCThreads                            = 1                                         {product} {ergonomic}
     uint G1ConcRefinementThreads                  = 4                                         {product} {ergonomic}
   size_t G1HeapRegionSize                         = 2097152                                   {product} {ergonomic}
    uintx GCDrainStackTargetSize                   = 64                                        {product} {ergonomic}
   size_t InitialHeapSize                          = 251658240                                 {product} {ergonomic}
   size_t MarkStackSize                            = 4194304                                   {product} {ergonomic}
   size_t MaxHeapSize                              = 4018143232                                {product} {ergonomic}
   size_t MaxNewSize                               = 2409627648                                {product} {ergonomic}
   size_t MinHeapDeltaBytes                        = 2097152                                   {product} {ergonomic}
   size_t MinHeapSize                              = 8388608                                   {product} {ergonomic}
    uintx NonNMethodCodeHeapSize                   = 5832780                                {pd product} {ergonomic}
    uintx NonProfiledCodeHeapSize                  = 122912730                              {pd product} {ergonomic}
    uintx ProfiledCodeHeapSize                     = 122912730                              {pd product} {ergonomic}
    uintx ReservedCodeCacheSize                    = 251658240                              {pd product} {ergonomic}
     bool SegmentedCodeCache                       = true                                      {product} {ergonomic}
   size_t SoftMaxHeapSize                          = 4018143232                             {manageable} {ergonomic}
     bool UseCompressedClassPointers               = true                           {product lp64_product} {ergonomic}
     bool UseCompressedOops                        = true                           {product lp64_product} {ergonomic}
     bool UseG1GC                                  = true                                      {product} {ergonomic}
     bool UseLargePagesIndividualAllocation        = false                                  {pd product} {ergonomic}

Logging:
Log output configuration:
 #0: stdout all=warning uptime,level,tags
 #1: stderr all=off uptime,level,tags

Environment Variables:
JAVA_HOME=C:\Program Files\Java\jdk-17
CLASSPATH=C:\tomcat\apache-tomcat-9.0.71\common\lib\servlet-api.jar;
PATH=C:\Program Files (x86)\Embarcadero\Studio\21.0\bin;C:\Users\Public\Documents\Embarcadero\Studio\21.0\Bpl;C:\Program Files (x86)\Embarcadero\Studio\21.0\bin64;C:\Users\Public\Documents\Embarcadero\Studio\21.0\Bpl\Win64;C:\Users\wmcon\AppData\Local\Programs\Python\Python310\Scripts\;C:\Users\wmcon\AppData\Local\Programs\Python\Python310\;C:\Program Files\Common Files\Oracle\Java\javapath;C:\Program Files (x86)\Common Files\Oracle\Java\javapath;C:\ProgramData\Oracle\Java\javapath;C:\Windows\system32;C:\Windows;C:\Windows\System32\Wbem;C:\Windows\System32\WindowsPowerShell\v1.0\;C:\Windows\System32\OpenSSH\;C:\Program Files\7-Zip;C:\Program Files\Java\jdk-18.0.2\bin;C:\Program Files\dotnet\;C:\Program Files\Calibre2\;C:\Program Files\nodejs\;C:\ProgramData\chocolatey\bin;C:\Program Files\Git\cmd;C:\Program Files\Microsoft SQL Server\150\Tools\Binn\;C:\Program Files\Microsoft SQL Server\Client SDK\ODBC\170\Tools\Binn\;C:\Program Files (x86)\Microsoft SQL Server\150\Tools\Binn\;C:\Program Files\Microsoft SQL Server\150\DTS\Binn\;C:\Program Files (x86)\Microsoft SQL Server\150\DTS\Binn\;C:\Program Files\Azure Data Studio\bin;C:\Program Files\PuTTY\;C:\Program Files\Microsoft VS Code\bin;C:\Program Files\MySQL\MySQL Shell 8.0\bin\;C:\Users\wmcon\AppData\Local\Microsoft\WindowsApps;C:\Program Files\JetBrains\PyCharm Community Edition 2022.2.1\bin;;C:\Users\wmcon\AppData\Roaming\npm;C:\Users\wmcon\.dotnet\tools;C:\Program Files\Azure Data Studio\bin;C:\Program Files\JetBrains\IntelliJ IDEA Community Edition 2022.2.3\bin;;C:\Program Files (x86)\Midnight Commander;C:\Program Files\Java\apache-maven-3.8.7\bin;C:\Gradle\bin;
USERNAME=wmcon
OS=Windows_NT
PROCESSOR_IDENTIFIER=AMD64 Family 21 Model 48 Stepping 1, AuthenticAMD



---------------  S Y S T E M  ---------------

OS:
 Windows 10 , 64 bit Build 19041 (10.0.19041.2913)
OS uptime: 0 days 12:47 hours

CPU: total 4 (initial active 4) (4 cores per cpu, 1 threads per core) family 21 model 48 stepping 1 microcode 0x0, cx8, cmov, fxsr, mmx, 3dnowpref, sse, sse2, sse3, ssse3, sse4a, sse4.1, sse4.2, popcnt, lzcnt, tsc, tscinvbit, avx, aes, clmul, bmi1, fma, vzeroupper, clflush

Memory: 4k page, system-wide physical 15320M (4363M free)
TotalPageFile size 25048M (AvailPageFile size 8933M)
current process WorkingSet (physical memory assigned to process): 284M, peak: 289M
current process commit charge ("private bytes"): 557M, peak: 563M

vm_info: Java HotSpot(TM) 64-Bit Server VM (17.0.6+9-LTS-190) for windows-amd64 JRE (17.0.6+9-LTS-190), built on Dec  6 2022 15:53:54 by "mach5one" with MS VC++ 17.1 (VS2022)

END.
